<?xml version="1.0" encoding="UTF-8"?>
<testng-results skipped="0" failed="0" ignored="0" total="1" passed="1">
  <reporter-output>
  </reporter-output>
  <suite name="Default suite" duration-ms="2750" started-at="2021-09-11T12:11:56 CLST" finished-at="2021-09-11T12:11:59 CLST">
    <groups>
    </groups>
    <test name="Default test" duration-ms="2750" started-at="2021-09-11T12:11:56 CLST" finished-at="2021-09-11T12:11:59 CLST">
      <class name="TestNG.TestNgLogin_correcto">
        <test-method status="PASS" signature="abrir_chrome()[pri:0, instance:TestNG.TestNgLogin_correcto@2d8f65a4]" name="abrir_chrome" is-config="true" duration-ms="1742" started-at="2021-09-11T12:11:56 CLST" finished-at="2021-09-11T12:11:58 CLST">
          <reporter-output>
          </reporter-output>
        </test-method> <!-- abrir_chrome -->
        <test-method status="PASS" signature="login()[pri:0, instance:TestNG.TestNgLogin_correcto@2d8f65a4]" name="login" duration-ms="131" started-at="2021-09-11T12:11:58 CLST" finished-at="2021-09-11T12:11:58 CLST">
          <reporter-output>
          </reporter-output>
        </test-method> <!-- login -->
        <test-method status="PASS" signature="salir()[pri:0, instance:TestNG.TestNgLogin_correcto@2d8f65a4]" name="salir" is-config="true" duration-ms="845" started-at="2021-09-11T12:11:58 CLST" finished-at="2021-09-11T12:11:59 CLST">
          <reporter-output>
          </reporter-output>
        </test-method> <!-- salir -->
      </class> <!-- TestNG.TestNgLogin_correcto -->
    </test> <!-- Default test -->
  </suite> <!-- Default suite -->
</testng-results>
