<?xml version="1.0" encoding="UTF-8"?>
<testng-results skipped="0" failed="0" ignored="0" total="3" passed="3">
  <reporter-output>
  </reporter-output>
  <suite name="SuiteLogin" duration-ms="6823" started-at="2021-08-23T21:26:53Z" finished-at="2021-08-23T21:27:00Z">
    <groups>
    </groups>
    <test name="Datos Correctos" duration-ms="2628" started-at="2021-08-23T21:26:53Z" finished-at="2021-08-23T21:26:56Z">
      <class name="TestNG.TestNgLogin_correcto">
        <test-method status="PASS" signature="abrir_chrome()[pri:0, instance:TestNG.TestNgLogin_correcto@55a561cf]" name="abrir_chrome" is-config="true" duration-ms="1616" started-at="2021-08-23T21:26:53Z" finished-at="2021-08-23T21:26:55Z">
          <reporter-output>
          </reporter-output>
        </test-method> <!-- abrir_chrome -->
        <test-method status="PASS" signature="login()[pri:0, instance:TestNG.TestNgLogin_correcto@55a561cf]" name="login" duration-ms="143" started-at="2021-08-23T21:26:55Z" finished-at="2021-08-23T21:26:55Z">
          <reporter-output>
          </reporter-output>
        </test-method> <!-- login -->
        <test-method status="PASS" signature="salir()[pri:0, instance:TestNG.TestNgLogin_correcto@55a561cf]" name="salir" is-config="true" duration-ms="849" started-at="2021-08-23T21:26:55Z" finished-at="2021-08-23T21:26:56Z">
          <reporter-output>
          </reporter-output>
        </test-method> <!-- salir -->
      </class> <!-- TestNG.TestNgLogin_correcto -->
    </test> <!-- Datos Correctos -->
    <test name="Datos Incorrectos" duration-ms="2090" started-at="2021-08-23T21:26:56Z" finished-at="2021-08-23T21:26:58Z">
      <class name="TestNG.TestNgLogin_incorrecto">
        <test-method status="PASS" signature="abrir_chrome()[pri:0, instance:TestNG.TestNgLogin_incorrecto@7a52f2a2]" name="abrir_chrome" is-config="true" duration-ms="1258" started-at="2021-08-23T21:26:56Z" finished-at="2021-08-23T21:26:57Z">
          <reporter-output>
          </reporter-output>
        </test-method> <!-- abrir_chrome -->
        <test-method status="PASS" signature="login()[pri:0, instance:TestNG.TestNgLogin_incorrecto@7a52f2a2]" name="login" duration-ms="123" started-at="2021-08-23T21:26:57Z" finished-at="2021-08-23T21:26:57Z">
          <reporter-output>
          </reporter-output>
        </test-method> <!-- login -->
        <test-method status="PASS" signature="salir()[pri:0, instance:TestNG.TestNgLogin_incorrecto@7a52f2a2]" name="salir" is-config="true" duration-ms="708" started-at="2021-08-23T21:26:57Z" finished-at="2021-08-23T21:26:58Z">
          <reporter-output>
          </reporter-output>
        </test-method> <!-- salir -->
      </class> <!-- TestNG.TestNgLogin_incorrecto -->
    </test> <!-- Datos Incorrectos -->
    <test name="Datos Vacios" duration-ms="2087" started-at="2021-08-23T21:26:58Z" finished-at="2021-08-23T21:27:00Z">
      <class name="TestNG.TestNgLogin_vacio">
        <test-method status="PASS" signature="abrir_chrome()[pri:0, instance:TestNG.TestNgLogin_vacio@7fc229ab]" name="abrir_chrome" is-config="true" duration-ms="1248" started-at="2021-08-23T21:26:58Z" finished-at="2021-08-23T21:26:59Z">
          <reporter-output>
          </reporter-output>
        </test-method> <!-- abrir_chrome -->
        <test-method status="PASS" signature="login()[pri:0, instance:TestNG.TestNgLogin_vacio@7fc229ab]" name="login" duration-ms="129" started-at="2021-08-23T21:26:59Z" finished-at="2021-08-23T21:26:59Z">
          <reporter-output>
          </reporter-output>
        </test-method> <!-- login -->
        <test-method status="PASS" signature="salir()[pri:0, instance:TestNG.TestNgLogin_vacio@7fc229ab]" name="salir" is-config="true" duration-ms="710" started-at="2021-08-23T21:26:59Z" finished-at="2021-08-23T21:27:00Z">
          <reporter-output>
          </reporter-output>
        </test-method> <!-- salir -->
      </class> <!-- TestNG.TestNgLogin_vacio -->
    </test> <!-- Datos Vacios -->
  </suite> <!-- SuiteLogin -->
</testng-results>
